09-05 11:13:02.180 base_testcase.java testcases.case02_company_report 123  - Enter Testcase : case02_company_report
09-05 11:13:02.359 module.java Phone.Phone_Vivo 1299 - Try to Wake up the phone.
09-05 11:13:03.361 module.java Phone.Phone_Vivo 107  - Wait for 1 seconds.
09-05 11:13:03.362 base_testcase.java testcases.case02_company_report 125  - The Phone is Phone_Vivo
09-05 11:13:03.363 case02_company_report.java testcases.case02_company_report 21   - Now is running function '模糊匹配_test'
09-05 11:13:03.365 base_phone.java Phone.Phone_Vivo 76   - ******** 企业报告测试 ********
09-05 11:13:03.366 module.java Modules.Videos 59   - apk name is '万象信用'
09-05 11:13:06.731 module.java Modules.Videos 1210 - Try to scroll to the text of '万象信用'
09-05 11:13:06.784 module.java Modules.Videos 63   - find is false
09-05 11:13:08.297 module.java Modules.Videos 69   - finally find apk,click it
09-05 11:13:08.605 module.java Modules.Videos 176  - Try to click a UiObject.
09-05 11:13:09.608 module.java Modules.Videos 107  - Wait for 1 seconds.
09-05 11:13:14.610 module.java Modules.Videos 107  - Wait for 5 seconds.
09-05 11:13:14.672 module.java Modules.Videos 1223 - Try get packagename of this view :com.ccx.zhengxin
09-05 11:13:14.673 module.java Modules.Videos 93   - The package name is correct. this apk is running correctly.
09-05 11:13:14.674 module.java Phone.Phone_Vivo 50   - The 'first_page' is not in config map.
09-05 11:13:14.675 base_testcase.java testcases.case02_company_report 75   - This is run error.
09-05 11:13:14.676 base_testcase.java testcases.case02_company_report 233  - Screenshot-->./Phone_Vivo/0/case02_company_report_0.png
09-05 11:13:15.176 UiDevice.java uiautomatorrpc.UiDevice 321  - @@@@@@@ result is : /data/local/tmp/Screenshot.png
09-05 11:13:15.393 UiDevice.java uiautomatorrpc.UiDevice 325  - @@@@@@@@ adb command is : adb  -s U4J7Y5BANV8POF95 pull /data/local/tmp/Screenshot.png "./log/Phone_Vivo/0/\case02_company_report_0.png"
09-05 11:13:16.621 module.java Phone.Phone_Vivo 107  - Wait for 1 seconds.
09-05 11:13:16.622 base_testcase.java testcases.case02_company_report 239  - Screenshot saved.
09-05 11:13:17.433 module.java Phone.Phone_Vivo 1247 - Try to press back(use keycode).
09-05 11:13:18.435 module.java Phone.Phone_Vivo 107  - Wait for 1 seconds.
09-05 11:13:18.640 module.java Phone.Phone_Vivo 1247 - Try to press back(use keycode).
09-05 11:13:19.641 module.java Phone.Phone_Vivo 107  - Wait for 1 seconds.
09-05 11:13:19.680 module.java Phone.Phone_Vivo 1247 - Try to press back(use keycode).
09-05 11:13:20.682 module.java Phone.Phone_Vivo 107  - Wait for 1 seconds.
09-05 11:13:20.718 module.java Phone.Phone_Vivo 1247 - Try to press back(use keycode).
09-05 11:13:21.720 module.java Phone.Phone_Vivo 107  - Wait for 1 seconds.
09-05 11:13:21.805 module.java Phone.Phone_Vivo 1234 - Try to press home(use keycode).
09-05 11:13:21.805 base_testcase.java testcases.case02_company_report 77   - null
java.lang.Exception
	at Modules.module.get_button(module.java:51) ~[bin/:?]
	at Modules.module.click_button(module.java:133) ~[bin/:?]
	at Modules.module.clicks(module.java:128) ~[bin/:?]
	at Phone.base_phone.company_report_test(base_phone.java:79) ~[bin/:?]
	at testcases.case02_company_report.during_run(case02_company_report.java:22) ~[bin/:?]
	at testcases.base_testcase.run(base_testcase.java:70) [bin/:?]
	at testcases.base_testcase.process(base_testcase.java:51) [bin/:?]
	at sun.reflect.NativeMethodAccessorImpl.invoke0(Native Method) ~[?:1.7.0_01]
	at sun.reflect.NativeMethodAccessorImpl.invoke(NativeMethodAccessorImpl.java:57) ~[?:1.7.0_01]
	at sun.reflect.DelegatingMethodAccessorImpl.invoke(DelegatingMethodAccessorImpl.java:43) ~[?:1.7.0_01]
	at java.lang.reflect.Method.invoke(Method.java:601) ~[?:1.7.0_01]
	at Test.test1.run(test1.java:171) [bin/:?]
	at sun.reflect.NativeMethodAccessorImpl.invoke0(Native Method) ~[?:1.7.0_01]
	at sun.reflect.NativeMethodAccessorImpl.invoke(NativeMethodAccessorImpl.java:57) ~[?:1.7.0_01]
	at sun.reflect.DelegatingMethodAccessorImpl.invoke(DelegatingMethodAccessorImpl.java:43) ~[?:1.7.0_01]
	at java.lang.reflect.Method.invoke(Method.java:601) ~[?:1.7.0_01]
	at org.junit.runners.model.FrameworkMethod$1.runReflectiveCall(FrameworkMethod.java:50) [junit.jar:4.12]
	at org.junit.internal.runners.model.ReflectiveCallable.run(ReflectiveCallable.java:12) [junit.jar:4.12]
	at org.junit.runners.model.FrameworkMethod.invokeExplosively(FrameworkMethod.java:47) [junit.jar:4.12]
	at org.junit.internal.runners.statements.InvokeMethod.evaluate(InvokeMethod.java:17) [junit.jar:4.12]
	at org.junit.internal.runners.statements.RunBefores.evaluate(RunBefores.java:26) [junit.jar:4.12]
	at org.junit.internal.runners.statements.RunAfters.evaluate(RunAfters.java:27) [junit.jar:4.12]
	at org.junit.runners.ParentRunner.runLeaf(ParentRunner.java:325) [junit.jar:4.12]
	at org.junit.runners.BlockJUnit4ClassRunner.runChild(BlockJUnit4ClassRunner.java:78) [junit.jar:4.12]
	at org.junit.runners.BlockJUnit4ClassRunner.runChild(BlockJUnit4ClassRunner.java:57) [junit.jar:4.12]
	at org.junit.runners.ParentRunner$3.run(ParentRunner.java:290) [junit.jar:4.12]
	at org.junit.runners.ParentRunner$1.schedule(ParentRunner.java:71) [junit.jar:4.12]
	at org.junit.runners.ParentRunner.runChildren(ParentRunner.java:288) [junit.jar:4.12]
	at org.junit.runners.ParentRunner.access$000(ParentRunner.java:58) [junit.jar:4.12]
	at org.junit.runners.ParentRunner$2.evaluate(ParentRunner.java:268) [junit.jar:4.12]
	at org.junit.runners.ParentRunner.run(ParentRunner.java:363) [junit.jar:4.12]
	at org.eclipse.jdt.internal.junit4.runner.JUnit4TestReference.run(JUnit4TestReference.java:86) [.cp/:?]
	at org.eclipse.jdt.internal.junit.runner.TestExecution.run(TestExecution.java:38) [.cp/:?]
	at org.eclipse.jdt.internal.junit.runner.RemoteTestRunner.runTests(RemoteTestRunner.java:459) [.cp/:?]
	at org.eclipse.jdt.internal.junit.runner.RemoteTestRunner.runTests(RemoteTestRunner.java:678) [.cp/:?]
	at org.eclipse.jdt.internal.junit.runner.RemoteTestRunner.run(RemoteTestRunner.java:382) [.cp/:?]
	at org.eclipse.jdt.internal.junit.runner.RemoteTestRunner.main(RemoteTestRunner.java:192) [.cp/:?]
09-05 11:13:21.850 base_testcase.java testcases.case02_company_report 169  - case02_company_report : file './log/Phone_Vivo/xml/case02_company_report_cycle_0.xml' is not exist, create it.
09-05 11:13:21.856 base_testcase.java testcases.case02_company_report 145  - Let phone back to home view.
