10-12 15:12:29.996 base_testcase.java testcases.case04_dishonest 123  - Enter Testcase : case04_dishonest
10-12 15:12:31.014 module.java Phone.Phone_Vivo 1301 - Wake up the phone failed.
10-12 15:12:31.016 base_testcase.java testcases.case04_dishonest 75   - This is run error.
10-12 15:12:31.017 base_testcase.java testcases.case04_dishonest 233  - Screenshot-->./Phone_Vivo/0/case04_dishonest_0.png
10-12 15:12:32.021 module.java Phone.Phone_Vivo 1406 - !!! Can't take screen shot !!!
10-12 15:12:33.024 module.java Phone.Phone_Vivo 107  - Wait for 1 seconds.
10-12 15:12:33.025 base_testcase.java testcases.case04_dishonest 239  - Screenshot saved.
10-12 15:12:34.032 module.java Phone.Phone_Vivo 1252 - Try to press back(use keycode) failed.
10-12 15:12:34.048 base_testcase.java testcases.case04_dishonest 77   - java.net.ConnectException: Connection refused: connect
java.lang.Exception: java.net.ConnectException: Connection refused: connect
	at Modules.module.wakup(module.java:1302) ~[bin/:?]
	at Modules.module.clicks(module.java:125) ~[bin/:?]
	at testcases.base_testcase.pre_run(base_testcase.java:124) ~[bin/:?]
	at testcases.base_testcase.run(base_testcase.java:69) [bin/:?]
	at testcases.base_testcase.process(base_testcase.java:51) [bin/:?]
	at sun.reflect.NativeMethodAccessorImpl.invoke0(Native Method) ~[?:1.8.0_101]
	at sun.reflect.NativeMethodAccessorImpl.invoke(NativeMethodAccessorImpl.java:62) ~[?:1.8.0_101]
	at sun.reflect.DelegatingMethodAccessorImpl.invoke(DelegatingMethodAccessorImpl.java:43) ~[?:1.8.0_101]
	at java.lang.reflect.Method.invoke(Method.java:498) ~[?:1.8.0_101]
	at Test.test1.run(test1.java:149) [bin/:?]
	at sun.reflect.NativeMethodAccessorImpl.invoke0(Native Method) ~[?:1.8.0_101]
	at sun.reflect.NativeMethodAccessorImpl.invoke(NativeMethodAccessorImpl.java:62) ~[?:1.8.0_101]
	at sun.reflect.DelegatingMethodAccessorImpl.invoke(DelegatingMethodAccessorImpl.java:43) ~[?:1.8.0_101]
	at java.lang.reflect.Method.invoke(Method.java:498) ~[?:1.8.0_101]
	at org.junit.runners.model.FrameworkMethod$1.runReflectiveCall(FrameworkMethod.java:50) [junit.jar:4.12]
	at org.junit.internal.runners.model.ReflectiveCallable.run(ReflectiveCallable.java:12) [junit.jar:4.12]
	at org.junit.runners.model.FrameworkMethod.invokeExplosively(FrameworkMethod.java:47) [junit.jar:4.12]
	at org.junit.internal.runners.statements.InvokeMethod.evaluate(InvokeMethod.java:17) [junit.jar:4.12]
	at org.junit.internal.runners.statements.RunBefores.evaluate(RunBefores.java:26) [junit.jar:4.12]
	at org.junit.internal.runners.statements.RunAfters.evaluate(RunAfters.java:27) [junit.jar:4.12]
	at org.junit.runners.ParentRunner.runLeaf(ParentRunner.java:325) [junit.jar:4.12]
	at org.junit.runners.BlockJUnit4ClassRunner.runChild(BlockJUnit4ClassRunner.java:78) [junit.jar:4.12]
	at org.junit.runners.BlockJUnit4ClassRunner.runChild(BlockJUnit4ClassRunner.java:57) [junit.jar:4.12]
	at org.junit.runners.ParentRunner$3.run(ParentRunner.java:290) [junit.jar:4.12]
	at org.junit.runners.ParentRunner$1.schedule(ParentRunner.java:71) [junit.jar:4.12]
	at org.junit.runners.ParentRunner.runChildren(ParentRunner.java:288) [junit.jar:4.12]
	at org.junit.runners.ParentRunner.access$000(ParentRunner.java:58) [junit.jar:4.12]
	at org.junit.runners.ParentRunner$2.evaluate(ParentRunner.java:268) [junit.jar:4.12]
	at org.junit.runners.ParentRunner.run(ParentRunner.java:363) [junit.jar:4.12]
	at org.eclipse.jdt.internal.junit4.runner.JUnit4TestReference.run(JUnit4TestReference.java:86) [.cp/:?]
	at org.eclipse.jdt.internal.junit.runner.TestExecution.run(TestExecution.java:38) [.cp/:?]
	at org.eclipse.jdt.internal.junit.runner.RemoteTestRunner.runTests(RemoteTestRunner.java:459) [.cp/:?]
	at org.eclipse.jdt.internal.junit.runner.RemoteTestRunner.runTests(RemoteTestRunner.java:678) [.cp/:?]
	at org.eclipse.jdt.internal.junit.runner.RemoteTestRunner.run(RemoteTestRunner.java:382) [.cp/:?]
	at org.eclipse.jdt.internal.junit.runner.RemoteTestRunner.main(RemoteTestRunner.java:192) [.cp/:?]
Caused by: java.net.ConnectException: Connection refused: connect
	at java.net.DualStackPlainSocketImpl.waitForConnect(Native Method) ~[?:1.8.0_101]
	at java.net.DualStackPlainSocketImpl.socketConnect(DualStackPlainSocketImpl.java:85) ~[?:1.8.0_101]
	at java.net.AbstractPlainSocketImpl.doConnect(AbstractPlainSocketImpl.java:350) ~[?:1.8.0_101]
	at java.net.AbstractPlainSocketImpl.connectToAddress(AbstractPlainSocketImpl.java:206) ~[?:1.8.0_101]
	at java.net.AbstractPlainSocketImpl.connect(AbstractPlainSocketImpl.java:188) ~[?:1.8.0_101]
	at java.net.PlainSocketImpl.connect(PlainSocketImpl.java:172) ~[?:1.8.0_101]
	at java.net.SocksSocketImpl.connect(SocksSocketImpl.java:392) ~[?:1.8.0_101]
	at java.net.Socket.connect(Socket.java:589) ~[?:1.8.0_101]
	at sun.net.NetworkClient.doConnect(NetworkClient.java:175) ~[?:1.8.0_101]
	at sun.net.www.http.HttpClient.openServer(HttpClient.java:432) ~[?:1.8.0_101]
	at sun.net.www.http.HttpClient.openServer(HttpClient.java:527) ~[?:1.8.0_101]
	at sun.net.www.http.HttpClient.<init>(HttpClient.java:211) ~[?:1.8.0_101]
	at sun.net.www.http.HttpClient.New(HttpClient.java:308) ~[?:1.8.0_101]
	at sun.net.www.http.HttpClient.New(HttpClient.java:326) ~[?:1.8.0_101]
	at sun.net.www.protocol.http.HttpURLConnection.getNewHttpClient(HttpURLConnection.java:1169) ~[?:1.8.0_101]
	at sun.net.www.protocol.http.HttpURLConnection.plainConnect0(HttpURLConnection.java:1148) ~[?:1.8.0_101]
	at sun.net.www.protocol.http.HttpURLConnection.plainConnect(HttpURLConnection.java:999) ~[?:1.8.0_101]
	at sun.net.www.protocol.http.HttpURLConnection.connect(HttpURLConnection.java:933) ~[?:1.8.0_101]
	at com.googlecode.jsonrpc4j.JsonRpcHttpClient.invoke(JsonRpcHttpClient.java:142) ~[jsonrpc4j-0.28.jar:?]
	at com.googlecode.jsonrpc4j.JsonRpcHttpClient.invoke(JsonRpcHttpClient.java:178) ~[jsonrpc4j-0.28.jar:?]
	at com.googlecode.jsonrpc4j.JsonRpcHttpClient.invoke(JsonRpcHttpClient.java:85) ~[jsonrpc4j-0.28.jar:?]
	at uiautomatorrpc.UiDevice.wakeUp(UiDevice.java:72) ~[bin/:?]
	at Modules.module.wakup(module.java:1298) ~[bin/:?]
	... 34 more
10-12 15:12:34.069 base_testcase.java testcases.case04_dishonest 169  - case04_dishonest : file './log/Phone_Vivo/xml/case04_dishonest_cycle_0.xml' is not exist, create it.
10-12 15:12:34.082 base_testcase.java testcases.case04_dishonest 145  - Let phone back to home view.
10-12 15:12:36.083 module.java Phone.Phone_Vivo 107  - Wait for 2 seconds.
10-12 15:12:54.045 base_testcase.java testcases.case04_dishonest 123  - Enter Testcase : case04_dishonest
10-12 15:12:54.219 module.java Phone.Phone_Vivo 1299 - Try to Wake up the phone.
10-12 15:12:55.221 module.java Phone.Phone_Vivo 107  - Wait for 1 seconds.
10-12 15:12:55.222 base_testcase.java testcases.case04_dishonest 125  - The Phone is Phone_Vivo
10-12 15:12:55.224 case04_dishonest.java testcases.case04_dishonest 21   - Now is running function '查失信人_test'
10-12 15:12:55.227 base_phone.java Phone.Phone_Vivo 117  - ******** 失信人测试 ********
10-12 15:12:55.228 module.java Modules.Videos 59   - apk name is '万象信用'
10-12 15:12:55.420 module.java Modules.Videos 1210 - Try to scroll to the text of '万象信用'
10-12 15:12:55.480 module.java Modules.Videos 63   - find is true
10-12 15:12:55.481 module.java Modules.Videos 77   - Click open apk
10-12 15:12:55.992 module.java Modules.Videos 176  - Try to click a UiObject.
10-12 15:13:00.995 module.java Modules.Videos 107  - Wait for 5 seconds.
10-12 15:13:01.061 module.java Modules.Videos 1223 - Try get packagename of this view :com.ccx.zhengxin
10-12 15:13:01.062 module.java Modules.Videos 93   - The package name is correct. this apk is running correctly.
10-12 15:13:01.844 module.java Modules.Videos 139  - Try to click the button 'first_page' 
10-12 15:13:02.846 module.java Modules.Videos 107  - Wait for 1 seconds.
10-12 15:13:03.293 module.java Modules.Videos 139  - Try to click the button 'dishonest' 
10-12 15:13:04.294 module.java Modules.Videos 107  - Wait for 1 seconds.
10-12 15:13:07.202 module.java Modules.Videos 196  - Try to write '姚欣' in button :search
