09-04 18:02:10.525 base_testcase.java testcases.case01_download 123  - Enter Testcase : case01_download
09-04 18:02:10.678 module.java Phone.Phone_Vivo 1299 - Try to Wake up the phone.
09-04 18:02:11.679 module.java Phone.Phone_Vivo 107  - Wait for 1 seconds.
09-04 18:02:11.679 base_testcase.java testcases.case01_download 125  - The Phone is Phone_Vivo
09-04 18:02:11.680 case01_download.java testcases.case01_download 21   - Now is running function '版本升级_test'
09-04 18:02:11.680 base_phone.java Phone.Phone_Vivo 46   - ******** 版本升级测试 ********
09-04 18:02:11.680 module.java Modules.Videos 59   - apk name is '万象信用'
09-04 18:02:11.794 module.java Modules.Videos 1210 - Try to scroll to the text of '万象信用'
09-04 18:02:11.870 module.java Modules.Videos 63   - find is true
09-04 18:02:11.871 module.java Modules.Videos 77   - Click open apk
09-04 18:02:12.219 module.java Modules.Videos 176  - Try to click a UiObject.
09-04 18:02:17.220 module.java Modules.Videos 107  - Wait for 5 seconds.
09-04 18:02:17.730 module.java Modules.Videos 1223 - Try get packagename of this view :com.ccx.zhengxin
09-04 18:02:17.731 module.java Modules.Videos 93   - The package name is correct. this apk is running correctly.
09-04 18:02:17.799 module.java Modules.Videos 1167 - Try to check if the button 'upload' is exist, and result is true.
09-04 18:02:20.009 module.java Modules.Videos 139  - Try to click the button 'upload' 
09-04 18:02:40.010 module.java Modules.Videos 107  - Wait for 20 seconds.
09-04 18:02:40.793 module.java Modules.Videos 1167 - Try to check if the button 'upload' is exist, and result is false.
09-04 18:02:50.794 module.java Phone.Phone_Vivo 107  - Wait for 10 seconds.
09-04 18:02:51.208 module.java Modules.Videos 139  - Try to click the button 'ok1' 
09-04 18:02:52.210 module.java Modules.Videos 107  - Wait for 1 seconds.
09-04 18:02:52.679 module.java Modules.Videos 139  - Try to click the button 'install' 
09-04 18:03:00.681 module.java Modules.Videos 107  - Wait for 8 seconds.
09-04 18:03:00.729 module.java Modules.Videos 148  - 'open' is configed,but not exist..
09-04 18:03:00.730 base_testcase.java testcases.case01_download 75   - This is run error.
09-04 18:03:00.730 base_testcase.java testcases.case01_download 233  - Screenshot-->./Phone_Vivo/0/case01_download_0.png
09-04 18:03:01.060 UiDevice.java uiautomatorrpc.UiDevice 321  - @@@@@@@ result is : /data/local/tmp/Screenshot.png
09-04 18:03:01.283 UiDevice.java uiautomatorrpc.UiDevice 325  - @@@@@@@@ adb command is : adb  -s U4J7Y5BANV8POF95 pull /data/local/tmp/Screenshot.png "./log/Phone_Vivo/0/\case01_download_0.png"
09-04 18:03:02.490 module.java Phone.Phone_Vivo 107  - Wait for 1 seconds.
09-04 18:03:02.491 base_testcase.java testcases.case01_download 239  - Screenshot saved.
09-04 18:03:02.561 module.java Phone.Phone_Vivo 1247 - Try to press back(use keycode).
09-04 18:03:03.562 module.java Phone.Phone_Vivo 107  - Wait for 1 seconds.
09-04 18:03:03.600 module.java Phone.Phone_Vivo 1247 - Try to press back(use keycode).
09-04 18:03:04.602 module.java Phone.Phone_Vivo 107  - Wait for 1 seconds.
09-04 18:03:04.624 module.java Phone.Phone_Vivo 1247 - Try to press back(use keycode).
09-04 18:03:05.626 module.java Phone.Phone_Vivo 107  - Wait for 1 seconds.
09-04 18:03:05.672 module.java Phone.Phone_Vivo 1247 - Try to press back(use keycode).
