10-18 17:36:39.635 base_testcase.java testcases.case06_creditcardbanner 123  - Enter Testcase : case06_creditcardbanner
10-18 17:36:39.768 module.java Phone.Phone_Vivo 1299 - Try to Wake up the phone.
10-18 17:36:40.769 module.java Phone.Phone_Vivo 107  - Wait for 1 seconds.
10-18 17:36:40.772 base_testcase.java testcases.case06_creditcardbanner 125  - The Phone is Phone_Vivo
10-18 17:36:40.773 case06_creditcardbanner.java testcases.case06_creditcardbanner 21   - Now is running function '信用卡banner_test'
10-18 17:36:40.775 base_phone.java Phone.Phone_Vivo 159  - ******** 信用卡banner测试 ********
10-18 17:36:40.776 module.java Modules.Videos 59   - apk name is '万象信用'
10-18 17:36:41.392 module.java Modules.Videos 1210 - Try to scroll to the text of '万象信用'
10-18 17:36:41.465 module.java Modules.Videos 63   - find is true
10-18 17:36:41.465 module.java Modules.Videos 77   - Click open apk
10-18 17:36:42.818 module.java Modules.Videos 176  - Try to click a UiObject.
10-18 17:36:47.820 module.java Modules.Videos 107  - Wait for 5 seconds.
10-18 17:36:48.999 module.java Modules.Videos 1223 - Try get packagename of this view :com.ccx.zhengxin
10-18 17:36:49.000 module.java Modules.Videos 93   - The package name is correct. this apk is running correctly.
10-18 17:36:50.368 module.java Modules.Videos 139  - Try to click the button 'second_page' 
10-18 17:36:52.699 module.java Modules.Videos 139  - Try to click the button 'creditcard' 
10-18 17:36:53.788 module.java Modules.Videos 139  - Try to click the button 'creditcard_banner' 
10-18 17:36:54.789 module.java Modules.Videos 107  - Wait for 1 seconds.
10-18 17:36:55.334 module.java Modules.Videos 1167 - Try to check if the button 'banner_name' is exist, and result is false.
10-18 17:36:55.401 module.java Modules.Videos 1167 - Try to check if the button 'banner_name1' is exist, and result is false.
10-18 17:36:55.401 base_phone.java Phone.Phone_Vivo 166  - 打开信用卡banner页失败
10-18 17:36:55.401 base_testcase.java testcases.case06_creditcardbanner 75   - This is run error.
10-18 17:36:55.402 base_testcase.java testcases.case06_creditcardbanner 233  - Screenshot-->./Phone_Vivo/0/case06_creditcardbanner_0.png
10-18 17:36:55.719 UiDevice.java uiautomatorrpc.UiDevice 321  - @@@@@@@ result is : /data/local/tmp/Screenshot.png
10-18 17:36:55.814 UiDevice.java uiautomatorrpc.UiDevice 325  - @@@@@@@@ adb command is : adb  -s emulator-5554 pull /data/local/tmp/Screenshot.png "./log/Phone_Vivo/0/\case06_creditcardbanner_0.png"
10-18 17:36:57.003 module.java Phone.Phone_Vivo 107  - Wait for 1 seconds.
10-18 17:36:57.004 base_testcase.java testcases.case06_creditcardbanner 239  - Screenshot saved.
10-18 17:36:57.026 module.java Phone.Phone_Vivo 1247 - Try to press back(use keycode).
10-18 17:36:58.029 module.java Phone.Phone_Vivo 107  - Wait for 1 seconds.
10-18 17:36:58.151 module.java Phone.Phone_Vivo 1247 - Try to press back(use keycode).
10-18 17:36:59.153 module.java Phone.Phone_Vivo 107  - Wait for 1 seconds.
10-18 17:36:59.876 module.java Phone.Phone_Vivo 1247 - Try to press back(use keycode).
10-18 17:37:00.878 module.java Phone.Phone_Vivo 107  - Wait for 1 seconds.
10-18 17:37:00.883 module.java Phone.Phone_Vivo 1247 - Try to press back(use keycode).
10-18 17:37:01.884 module.java Phone.Phone_Vivo 107  - Wait for 1 seconds.
10-18 17:37:01.893 module.java Phone.Phone_Vivo 1234 - Try to press home(use keycode).
10-18 17:37:01.894 base_testcase.java testcases.case06_creditcardbanner 77   - null
java.lang.Exception
	at Phone.base_phone.creditcardbanner_test(base_phone.java:167) ~[bin/:?]
	at testcases.case06_creditcardbanner.during_run(case06_creditcardbanner.java:22) ~[bin/:?]
	at testcases.base_testcase.run(base_testcase.java:70) [bin/:?]
	at testcases.base_testcase.process(base_testcase.java:51) [bin/:?]
	at sun.reflect.NativeMethodAccessorImpl.invoke0(Native Method) ~[?:1.8.0_101]
	at sun.reflect.NativeMethodAccessorImpl.invoke(NativeMethodAccessorImpl.java:62) ~[?:1.8.0_101]
	at sun.reflect.DelegatingMethodAccessorImpl.invoke(DelegatingMethodAccessorImpl.java:43) ~[?:1.8.0_101]
	at java.lang.reflect.Method.invoke(Method.java:498) ~[?:1.8.0_101]
	at Test.test1.run(test1.java:149) [bin/:?]
	at sun.reflect.NativeMethodAccessorImpl.invoke0(Native Method) ~[?:1.8.0_101]
	at sun.reflect.NativeMethodAccessorImpl.invoke(NativeMethodAccessorImpl.java:62) ~[?:1.8.0_101]
	at sun.reflect.DelegatingMethodAccessorImpl.invoke(DelegatingMethodAccessorImpl.java:43) ~[?:1.8.0_101]
	at java.lang.reflect.Method.invoke(Method.java:498) ~[?:1.8.0_101]
	at org.junit.runners.model.FrameworkMethod$1.runReflectiveCall(FrameworkMethod.java:50) [junit.jar:4.12]
	at org.junit.internal.runners.model.ReflectiveCallable.run(ReflectiveCallable.java:12) [junit.jar:4.12]
	at org.junit.runners.model.FrameworkMethod.invokeExplosively(FrameworkMethod.java:47) [junit.jar:4.12]
	at org.junit.internal.runners.statements.InvokeMethod.evaluate(InvokeMethod.java:17) [junit.jar:4.12]
	at org.junit.internal.runners.statements.RunBefores.evaluate(RunBefores.java:26) [junit.jar:4.12]
	at org.junit.internal.runners.statements.RunAfters.evaluate(RunAfters.java:27) [junit.jar:4.12]
	at org.junit.runners.ParentRunner.runLeaf(ParentRunner.java:325) [junit.jar:4.12]
	at org.junit.runners.BlockJUnit4ClassRunner.runChild(BlockJUnit4ClassRunner.java:78) [junit.jar:4.12]
	at org.junit.runners.BlockJUnit4ClassRunner.runChild(BlockJUnit4ClassRunner.java:57) [junit.jar:4.12]
	at org.junit.runners.ParentRunner$3.run(ParentRunner.java:290) [junit.jar:4.12]
	at org.junit.runners.ParentRunner$1.schedule(ParentRunner.java:71) [junit.jar:4.12]
	at org.junit.runners.ParentRunner.runChildren(ParentRunner.java:288) [junit.jar:4.12]
	at org.junit.runners.ParentRunner.access$000(ParentRunner.java:58) [junit.jar:4.12]
	at org.junit.runners.ParentRunner$2.evaluate(ParentRunner.java:268) [junit.jar:4.12]
	at org.junit.runners.ParentRunner.run(ParentRunner.java:363) [junit.jar:4.12]
	at org.eclipse.jdt.internal.junit4.runner.JUnit4TestReference.run(JUnit4TestReference.java:86) [.cp/:?]
	at org.eclipse.jdt.internal.junit.runner.TestExecution.run(TestExecution.java:38) [.cp/:?]
	at org.eclipse.jdt.internal.junit.runner.RemoteTestRunner.runTests(RemoteTestRunner.java:459) [.cp/:?]
	at org.eclipse.jdt.internal.junit.runner.RemoteTestRunner.runTests(RemoteTestRunner.java:678) [.cp/:?]
	at org.eclipse.jdt.internal.junit.runner.RemoteTestRunner.run(RemoteTestRunner.java:382) [.cp/:?]
	at org.eclipse.jdt.internal.junit.runner.RemoteTestRunner.main(RemoteTestRunner.java:192) [.cp/:?]
10-18 17:37:01.905 base_testcase.java testcases.case06_creditcardbanner 169  - case06_creditcardbanner : file './log/Phone_Vivo/xml/case06_creditcardbanner_cycle_0.xml' is not exist, create it.
10-18 17:37:01.919 base_testcase.java testcases.case06_creditcardbanner 145  - Let phone back to home view.
