09-04 17:57:08.881 base_testcase.java testcases.case01_download 123  - Enter Testcase : case01_download
09-04 17:57:08.993 module.java Phone.Phone_Vivo 1299 - Try to Wake up the phone.
09-04 17:57:09.994 module.java Phone.Phone_Vivo 107  - Wait for 1 seconds.
09-04 17:57:09.995 base_testcase.java testcases.case01_download 125  - The Phone is Phone_Vivo
09-04 17:57:09.997 case01_download.java testcases.case01_download 21   - Now is running function '版本升级_test'
09-04 17:57:09.999 base_phone.java Phone.Phone_Vivo 46   - ******** 版本升级测试 ********
09-04 17:57:10.000 module.java Modules.Videos 59   - apk name is '万象信用'
09-04 17:57:13.737 module.java Modules.Videos 1210 - Try to scroll to the text of '万象信用'
09-04 17:57:13.778 module.java Modules.Videos 63   - find is false
09-04 17:57:15.200 module.java Modules.Videos 69   - finally find apk,click it
09-04 17:57:15.521 module.java Modules.Videos 176  - Try to click a UiObject.
09-04 17:57:16.522 module.java Modules.Videos 107  - Wait for 1 seconds.
09-04 17:57:21.525 module.java Modules.Videos 107  - Wait for 5 seconds.
09-04 17:57:21.563 module.java Modules.Videos 1223 - Try get packagename of this view :com.ccx.zhengxin
09-04 17:57:21.564 module.java Modules.Videos 93   - The package name is correct. this apk is running correctly.
09-04 17:57:21.619 module.java Modules.Videos 1167 - Try to check if the button 'upload' is exist, and result is true.
09-04 17:57:23.330 module.java Modules.Videos 139  - Try to click the button 'upload' 
09-04 17:57:43.331 module.java Modules.Videos 107  - Wait for 20 seconds.
09-04 17:57:43.376 module.java Modules.Videos 1167 - Try to check if the button 'upload' is exist, and result is false.
09-04 17:57:53.377 module.java Phone.Phone_Vivo 107  - Wait for 10 seconds.
09-04 17:57:53.424 module.java Modules.Videos 148  - 'install' is configed,but not exist..
09-04 17:57:53.425 base_testcase.java testcases.case01_download 75   - This is run error.
09-04 17:57:53.425 base_testcase.java testcases.case01_download 233  - Screenshot-->./Phone_Vivo/0/case01_download_0.png
09-04 17:57:53.710 UiDevice.java uiautomatorrpc.UiDevice 321  - @@@@@@@ result is : /data/local/tmp/Screenshot.png
09-04 17:57:53.914 UiDevice.java uiautomatorrpc.UiDevice 325  - @@@@@@@@ adb command is : adb  -s U4J7Y5BANV8POF95 pull /data/local/tmp/Screenshot.png "./log/Phone_Vivo/0/\case01_download_0.png"
09-04 17:57:55.125 module.java Phone.Phone_Vivo 107  - Wait for 1 seconds.
09-04 17:57:55.126 base_testcase.java testcases.case01_download 239  - Screenshot saved.
09-04 17:57:55.182 module.java Phone.Phone_Vivo 1247 - Try to press back(use keycode).
09-04 17:57:56.184 module.java Phone.Phone_Vivo 107  - Wait for 1 seconds.
09-04 17:57:56.225 module.java Phone.Phone_Vivo 1247 - Try to press back(use keycode).
09-04 17:57:57.226 module.java Phone.Phone_Vivo 107  - Wait for 1 seconds.
09-04 17:57:57.436 module.java Phone.Phone_Vivo 1247 - Try to press back(use keycode).
