09-04 18:03:59.237 base_testcase.java testcases.case01_download 123  - Enter Testcase : case01_download
09-04 18:03:59.336 module.java Phone.Phone_Vivo 1299 - Try to Wake up the phone.
09-04 18:04:00.338 module.java Phone.Phone_Vivo 107  - Wait for 1 seconds.
09-04 18:04:00.339 base_testcase.java testcases.case01_download 125  - The Phone is Phone_Vivo
09-04 18:04:00.340 case01_download.java testcases.case01_download 21   - Now is running function '版本升级_test'
09-04 18:04:00.341 base_phone.java Phone.Phone_Vivo 46   - ******** 版本升级测试 ********
09-04 18:04:00.342 module.java Modules.Videos 59   - apk name is '万象信用'
09-04 18:04:00.465 module.java Modules.Videos 1210 - Try to scroll to the text of '万象信用'
09-04 18:04:00.560 module.java Modules.Videos 63   - find is true
09-04 18:04:00.561 module.java Modules.Videos 77   - Click open apk
09-04 18:04:00.909 module.java Modules.Videos 176  - Try to click a UiObject.
09-04 18:04:05.911 module.java Modules.Videos 107  - Wait for 5 seconds.
09-04 18:04:06.720 module.java Modules.Videos 1223 - Try get packagename of this view :com.ccx.zhengxin
09-04 18:04:06.721 module.java Modules.Videos 93   - The package name is correct. this apk is running correctly.
09-04 18:04:06.779 module.java Modules.Videos 1167 - Try to check if the button 'upload' is exist, and result is false.
09-04 18:04:06.781 base_phone.java Phone.Phone_Vivo 70   - 未检测到升级版本
09-04 18:04:06.782 base_testcase.java testcases.case01_download 75   - This is run error.
09-04 18:04:06.783 base_testcase.java testcases.case01_download 233  - Screenshot-->./Phone_Vivo/0/case01_download_0.png
09-04 18:04:07.759 UiDevice.java uiautomatorrpc.UiDevice 321  - @@@@@@@ result is : /data/local/tmp/Screenshot.png
09-04 18:04:07.987 UiDevice.java uiautomatorrpc.UiDevice 325  - @@@@@@@@ adb command is : adb  -s U4J7Y5BANV8POF95 pull /data/local/tmp/Screenshot.png "./log/Phone_Vivo/0/\case01_download_0.png"
09-04 18:04:09.265 module.java Phone.Phone_Vivo 107  - Wait for 1 seconds.
09-04 18:04:09.265 base_testcase.java testcases.case01_download 239  - Screenshot saved.
09-04 18:04:09.302 module.java Phone.Phone_Vivo 1247 - Try to press back(use keycode).
09-04 18:04:10.303 module.java Phone.Phone_Vivo 107  - Wait for 1 seconds.
09-04 18:04:10.358 module.java Phone.Phone_Vivo 1247 - Try to press back(use keycode).
09-04 18:04:11.360 module.java Phone.Phone_Vivo 107  - Wait for 1 seconds.
09-04 18:04:11.627 module.java Phone.Phone_Vivo 1247 - Try to press back(use keycode).
