10-18 16:57:07.214 base_testcase.java testcases.case06_creditcardbanner 123  - Enter Testcase : case06_creditcardbanner
10-18 16:57:07.314 module.java Phone.Phone_Vivo 1299 - Try to Wake up the phone.
10-18 16:57:08.315 module.java Phone.Phone_Vivo 107  - Wait for 1 seconds.
10-18 16:57:08.316 base_testcase.java testcases.case06_creditcardbanner 125  - The Phone is Phone_Vivo
10-18 16:57:08.316 case06_creditcardbanner.java testcases.case06_creditcardbanner 21   - Now is running function '信用卡banner_test'
10-18 16:57:08.317 base_phone.java Phone.Phone_Vivo 159  - ******** 信用卡banner测试 ********
10-18 16:57:08.318 module.java Modules.Videos 59   - apk name is '万象信用'
10-18 16:57:08.764 module.java Modules.Videos 176  - Try to click a UiObject.
10-18 16:57:13.766 module.java Modules.Videos 107  - Wait for 5 seconds.
10-18 16:57:13.837 module.java Modules.Videos 1223 - Try get packagename of this view :com.ccx.zhengxin
10-18 16:57:13.837 module.java Modules.Videos 93   - The package name is correct. this apk is running correctly.
10-18 16:57:14.154 module.java Modules.Videos 139  - Try to click the button 'second_page' 
10-18 16:57:15.156 module.java Modules.Videos 107  - Wait for 1 seconds.
10-18 16:57:15.965 module.java Modules.Videos 139  - Try to click the button 'creditcard' 
10-18 16:57:17.874 module.java Modules.Videos 139  - Try to click the button 'creditcard_banner' 
10-18 16:57:18.646 module.java Modules.Videos 1167 - Try to check if the button 'banner_name' is exist, and result is true.
10-18 16:57:18.647 base_phone.java Phone.Phone_Vivo 164  - 打开信用卡banner页成功
10-18 16:57:18.649 base_testcase.java testcases.case06_creditcardbanner 169  - case06_creditcardbanner : file './log/Phone_Vivo/xml/case06_creditcardbanner_cycle_0.xml' is not exist, create it.
10-18 16:57:18.667 base_testcase.java testcases.case06_creditcardbanner 145  - Let phone back to home view.
10-18 16:57:20.668 module.java Phone.Phone_Vivo 107  - Wait for 2 seconds.
10-18 16:57:20.747 module.java Phone.Phone_Vivo 1247 - Try to press back(use keycode).
10-18 16:57:21.749 module.java Phone.Phone_Vivo 107  - Wait for 1 seconds.
10-18 16:57:21.830 module.java Phone.Phone_Vivo 1247 - Try to press back(use keycode).
10-18 16:57:22.831 module.java Phone.Phone_Vivo 107  - Wait for 1 seconds.
10-18 16:57:22.979 module.java Phone.Phone_Vivo 1247 - Try to press back(use keycode).
10-18 16:57:23.981 module.java Phone.Phone_Vivo 107  - Wait for 1 seconds.
10-18 16:57:24.038 module.java Phone.Phone_Vivo 1247 - Try to press back(use keycode).
10-18 16:57:25.040 module.java Phone.Phone_Vivo 107  - Wait for 1 seconds.
10-18 16:57:25.091 module.java Phone.Phone_Vivo 1247 - Try to press back(use keycode).
10-18 16:57:26.093 module.java Phone.Phone_Vivo 107  - Wait for 1 seconds.
10-18 16:57:26.151 module.java Phone.Phone_Vivo 1247 - Try to press back(use keycode).
10-18 16:57:27.153 module.java Phone.Phone_Vivo 107  - Wait for 1 seconds.
10-18 16:57:27.239 module.java Phone.Phone_Vivo 1223 - Try get packagename of this view :com.miui.home
10-18 16:57:27.239 base_testcase.java testcases.case06_creditcardbanner 151  - ERROR: press BACK cannot exit.
10-18 16:57:27.240 base_testcase.java testcases.case06_creditcardbanner 110  - This is ending error.
10-18 16:57:27.240 test1.java Test.test1 160  - TestCase : 'case06_creditcardbanner' is SUCCESS!
10-18 16:57:27.241 test1.java Test.test1 161  - TEST_TOP : case06_creditcardbanner set_times is 1 case_times is 1
10-18 16:57:27.241 test1.java Test.test1 163  - TEST_TOP : case 'case06_creditcardbanner' all finished. now gen html file.
