09-01 16:01:44.781 base_testcase.java testcases.case01_download 123  - Enter Testcase : case01_download
09-01 16:01:45.809 module.java Phone.Phone_Vivo 1323 - Wake up the phone failed.
09-01 16:01:45.810 base_testcase.java testcases.case01_download 75   - This is run error.
09-01 16:01:45.810 base_testcase.java testcases.case01_download 235  - Screenshot-->./Phone_Vivo/0/case01_download_0.png
09-01 16:01:46.820 module.java Phone.Phone_Vivo 1428 - !!! Can't take screen shot !!!
09-01 16:01:47.831 module.java Phone.Phone_Vivo 129  - Wait for 1 seconds.
09-01 16:01:47.832 base_testcase.java testcases.case01_download 241  - Screenshot saved.
09-01 16:01:48.852 module.java Phone.Phone_Vivo 1274 - Try to press back(use keycode) failed.
09-01 16:01:48.860 base_testcase.java testcases.case01_download 77   - java.net.ConnectException: Connection refused: connect
java.lang.Exception: java.net.ConnectException: Connection refused: connect
	at Modules.module.wakup(module.java:1324) ~[bin/:?]
	at Modules.module.clicks(module.java:147) ~[bin/:?]
	at testcases.base_testcase.pre_run(base_testcase.java:124) ~[bin/:?]
	at testcases.base_testcase.run(base_testcase.java:69) [bin/:?]
	at testcases.base_testcase.process(base_testcase.java:51) [bin/:?]
	at sun.reflect.NativeMethodAccessorImpl.invoke0(Native Method) ~[?:1.7.0_01]
	at sun.reflect.NativeMethodAccessorImpl.invoke(NativeMethodAccessorImpl.java:57) ~[?:1.7.0_01]
	at sun.reflect.DelegatingMethodAccessorImpl.invoke(DelegatingMethodAccessorImpl.java:43) ~[?:1.7.0_01]
	at java.lang.reflect.Method.invoke(Method.java:601) ~[?:1.7.0_01]
	at Test.test1.run(test1.java:186) [bin/:?]
	at sun.reflect.NativeMethodAccessorImpl.invoke0(Native Method) ~[?:1.7.0_01]
	at sun.reflect.NativeMethodAccessorImpl.invoke(NativeMethodAccessorImpl.java:57) ~[?:1.7.0_01]
	at sun.reflect.DelegatingMethodAccessorImpl.invoke(DelegatingMethodAccessorImpl.java:43) ~[?:1.7.0_01]
	at java.lang.reflect.Method.invoke(Method.java:601) ~[?:1.7.0_01]
	at org.junit.runners.model.FrameworkMethod$1.runReflectiveCall(FrameworkMethod.java:50) [junit.jar:4.12]
	at org.junit.internal.runners.model.ReflectiveCallable.run(ReflectiveCallable.java:12) [junit.jar:4.12]
	at org.junit.runners.model.FrameworkMethod.invokeExplosively(FrameworkMethod.java:47) [junit.jar:4.12]
	at org.junit.internal.runners.statements.InvokeMethod.evaluate(InvokeMethod.java:17) [junit.jar:4.12]
	at org.junit.internal.runners.statements.RunBefores.evaluate(RunBefores.java:26) [junit.jar:4.12]
	at org.junit.internal.runners.statements.RunAfters.evaluate(RunAfters.java:27) [junit.jar:4.12]
	at org.junit.runners.ParentRunner.runLeaf(ParentRunner.java:325) [junit.jar:4.12]
	at org.junit.runners.BlockJUnit4ClassRunner.runChild(BlockJUnit4ClassRunner.java:78) [junit.jar:4.12]
	at org.junit.runners.BlockJUnit4ClassRunner.runChild(BlockJUnit4ClassRunner.java:57) [junit.jar:4.12]
	at org.junit.runners.ParentRunner$3.run(ParentRunner.java:290) [junit.jar:4.12]
	at org.junit.runners.ParentRunner$1.schedule(ParentRunner.java:71) [junit.jar:4.12]
	at org.junit.runners.ParentRunner.runChildren(ParentRunner.java:288) [junit.jar:4.12]
	at org.junit.runners.ParentRunner.access$000(ParentRunner.java:58) [junit.jar:4.12]
	at org.junit.runners.ParentRunner$2.evaluate(ParentRunner.java:268) [junit.jar:4.12]
	at org.junit.runners.ParentRunner.run(ParentRunner.java:363) [junit.jar:4.12]
	at org.eclipse.jdt.internal.junit4.runner.JUnit4TestReference.run(JUnit4TestReference.java:86) [.cp/:?]
	at org.eclipse.jdt.internal.junit.runner.TestExecution.run(TestExecution.java:38) [.cp/:?]
	at org.eclipse.jdt.internal.junit.runner.RemoteTestRunner.runTests(RemoteTestRunner.java:459) [.cp/:?]
	at org.eclipse.jdt.internal.junit.runner.RemoteTestRunner.runTests(RemoteTestRunner.java:678) [.cp/:?]
	at org.eclipse.jdt.internal.junit.runner.RemoteTestRunner.run(RemoteTestRunner.java:382) [.cp/:?]
	at org.eclipse.jdt.internal.junit.runner.RemoteTestRunner.main(RemoteTestRunner.java:192) [.cp/:?]
Caused by: java.net.ConnectException: Connection refused: connect
	at java.net.DualStackPlainSocketImpl.waitForConnect(Native Method) ~[?:1.7.0_01]
	at java.net.DualStackPlainSocketImpl.socketConnect(DualStackPlainSocketImpl.java:75) ~[?:1.7.0_01]
	at java.net.AbstractPlainSocketImpl.doConnect(AbstractPlainSocketImpl.java:337) ~[?:1.7.0_01]
	at java.net.AbstractPlainSocketImpl.connectToAddress(AbstractPlainSocketImpl.java:198) ~[?:1.7.0_01]
	at java.net.AbstractPlainSocketImpl.connect(AbstractPlainSocketImpl.java:180) ~[?:1.7.0_01]
	at java.net.PlainSocketImpl.connect(PlainSocketImpl.java:157) ~[?:1.7.0_01]
	at java.net.SocksSocketImpl.connect(SocksSocketImpl.java:391) ~[?:1.7.0_01]
	at java.net.Socket.connect(Socket.java:579) ~[?:1.7.0_01]
	at sun.net.NetworkClient.doConnect(NetworkClient.java:175) ~[?:1.7.0_01]
	at sun.net.www.http.HttpClient.openServer(HttpClient.java:388) ~[?:1.7.0_01]
	at sun.net.www.http.HttpClient.openServer(HttpClient.java:483) ~[?:1.7.0_01]
	at sun.net.www.http.HttpClient.<init>(HttpClient.java:213) ~[?:1.7.0_01]
	at sun.net.www.http.HttpClient.New(HttpClient.java:300) ~[?:1.7.0_01]
	at sun.net.www.http.HttpClient.New(HttpClient.java:316) ~[?:1.7.0_01]
	at sun.net.www.protocol.http.HttpURLConnection.getNewHttpClient(HttpURLConnection.java:992) ~[?:1.7.0_01]
	at sun.net.www.protocol.http.HttpURLConnection.plainConnect(HttpURLConnection.java:971) ~[?:1.7.0_01]
	at sun.net.www.protocol.http.HttpURLConnection.connect(HttpURLConnection.java:846) ~[?:1.7.0_01]
	at com.googlecode.jsonrpc4j.JsonRpcHttpClient.invoke(JsonRpcHttpClient.java:142) ~[jsonrpc4j-0.28.jar:?]
	at com.googlecode.jsonrpc4j.JsonRpcHttpClient.invoke(JsonRpcHttpClient.java:178) ~[jsonrpc4j-0.28.jar:?]
	at com.googlecode.jsonrpc4j.JsonRpcHttpClient.invoke(JsonRpcHttpClient.java:85) ~[jsonrpc4j-0.28.jar:?]
	at uiautomatorrpc.UiDevice.wakeUp(UiDevice.java:72) ~[bin/:?]
	at Modules.module.wakup(module.java:1320) ~[bin/:?]
	... 34 more
09-01 16:01:48.872 base_testcase.java testcases.case01_download 171  - case01_download : file './log/Phone_Vivo/xml/case01_download_cycle_0.xml' is not exist, create it.
09-01 16:01:48.882 base_testcase.java testcases.case01_download 147  - Let phone back to home view.
