10-12 15:18:09.826 base_testcase.java testcases.case04_dishonest 123  - Enter Testcase : case04_dishonest
10-12 15:18:09.978 module.java Phone.Phone_Vivo 1299 - Try to Wake up the phone.
10-12 15:18:10.980 module.java Phone.Phone_Vivo 107  - Wait for 1 seconds.
10-12 15:18:10.981 base_testcase.java testcases.case04_dishonest 125  - The Phone is Phone_Vivo
10-12 15:18:10.982 case04_dishonest.java testcases.case04_dishonest 21   - Now is running function '查失信人_test'
10-12 15:18:10.983 base_phone.java Phone.Phone_Vivo 117  - ******** 失信人测试 ********
10-12 15:18:10.985 module.java Modules.Videos 59   - apk name is '万象信用'
10-12 15:18:14.299 module.java Modules.Videos 1210 - Try to scroll to the text of '万象信用'
10-12 15:18:14.354 module.java Modules.Videos 63   - find is false
10-12 15:18:15.733 module.java Modules.Videos 69   - finally find apk,click it
10-12 15:18:16.103 module.java Modules.Videos 176  - Try to click a UiObject.
10-12 15:18:17.105 module.java Modules.Videos 107  - Wait for 1 seconds.
10-12 15:18:22.106 module.java Modules.Videos 107  - Wait for 5 seconds.
10-12 15:18:22.667 module.java Modules.Videos 1223 - Try get packagename of this view :com.ccx.zhengxin
10-12 15:18:22.668 module.java Modules.Videos 93   - The package name is correct. this apk is running correctly.
10-12 15:18:24.803 module.java Modules.Videos 139  - Try to click the button 'first_page' 
10-12 15:18:25.806 module.java Modules.Videos 107  - Wait for 1 seconds.
10-12 15:18:26.302 module.java Modules.Videos 139  - Try to click the button 'dishonest' 
10-12 15:18:29.305 module.java Modules.Videos 107  - Wait for 3 seconds.
10-12 15:18:31.725 module.java Modules.Videos 196  - Try to write '姚欣' in button :search
