10-18 17:29:26.961 base_testcase.java testcases.case06_creditcardbanner 123  - Enter Testcase : case06_creditcardbanner
10-18 17:29:27.080 module.java Phone.Phone_Vivo 1299 - Try to Wake up the phone.
10-18 17:29:28.081 module.java Phone.Phone_Vivo 107  - Wait for 1 seconds.
10-18 17:29:28.083 base_testcase.java testcases.case06_creditcardbanner 125  - The Phone is Phone_Vivo
10-18 17:29:28.085 case06_creditcardbanner.java testcases.case06_creditcardbanner 21   - Now is running function '信用卡banner_test'
10-18 17:29:28.087 base_phone.java Phone.Phone_Vivo 159  - ******** 信用卡banner测试 ********
10-18 17:29:28.089 module.java Modules.Videos 59   - apk name is '万象信用'
10-18 17:29:28.704 module.java Modules.Videos 1210 - Try to scroll to the text of '万象信用'
10-18 17:29:28.775 module.java Modules.Videos 63   - find is true
10-18 17:29:28.776 module.java Modules.Videos 77   - Click open apk
10-18 17:29:29.773 module.java Modules.Videos 176  - Try to click a UiObject.
10-18 17:29:34.774 module.java Modules.Videos 107  - Wait for 5 seconds.
10-18 17:29:34.815 module.java Modules.Videos 1223 - Try get packagename of this view :com.ccx.zhengxin
10-18 17:29:34.816 module.java Modules.Videos 93   - The package name is correct. this apk is running correctly.
10-18 17:29:36.473 module.java Modules.Videos 139  - Try to click the button 'second_page' 
10-18 17:29:37.474 module.java Modules.Videos 107  - Wait for 1 seconds.
10-18 17:29:41.082 module.java Modules.Videos 139  - Try to click the button 'creditcard' 
10-18 17:29:42.689 module.java Modules.Videos 139  - Try to click the button 'creditcard_banner' 
10-18 17:29:45.690 module.java Modules.Videos 107  - Wait for 3 seconds.
10-18 17:29:45.750 module.java Modules.Videos 1167 - Try to check if the button 'banner_name' is exist, and result is false.
10-18 17:29:46.272 module.java Modules.Videos 1167 - Try to check if the button 'banner_name1' is exist, and result is false.
10-18 17:29:46.273 base_phone.java Phone.Phone_Vivo 166  - 打开信用卡banner页失败
10-18 17:29:46.274 base_testcase.java testcases.case06_creditcardbanner 75   - This is run error.
10-18 17:29:46.274 base_testcase.java testcases.case06_creditcardbanner 233  - Screenshot-->./Phone_Vivo/0/case06_creditcardbanner_0.png
10-18 17:29:46.549 UiDevice.java uiautomatorrpc.UiDevice 321  - @@@@@@@ result is : /data/local/tmp/Screenshot.png
10-18 17:29:46.665 UiDevice.java uiautomatorrpc.UiDevice 325  - @@@@@@@@ adb command is : adb  -s emulator-5554 pull /data/local/tmp/Screenshot.png "./log/Phone_Vivo/0/\case06_creditcardbanner_0.png"
