10-18 17:23:57.872 base_testcase.java testcases.case06_creditcardbanner 123  - Enter Testcase : case06_creditcardbanner
10-18 17:23:57.993 module.java Phone.Phone_Vivo 1299 - Try to Wake up the phone.
10-18 17:23:58.995 module.java Phone.Phone_Vivo 107  - Wait for 1 seconds.
10-18 17:23:58.996 base_testcase.java testcases.case06_creditcardbanner 125  - The Phone is Phone_Vivo
10-18 17:23:58.996 case06_creditcardbanner.java testcases.case06_creditcardbanner 21   - Now is running function '信用卡banner_test'
10-18 17:23:58.997 base_phone.java Phone.Phone_Vivo 159  - ******** 信用卡banner测试 ********
10-18 17:23:58.998 module.java Modules.Videos 59   - apk name is '万象信用'
10-18 17:23:59.106 module.java Modules.Videos 1210 - Try to scroll to the text of '万象信用'
10-18 17:23:59.165 module.java Modules.Videos 63   - find is true
10-18 17:23:59.165 module.java Modules.Videos 77   - Click open apk
10-18 17:24:00.389 module.java Modules.Videos 176  - Try to click a UiObject.
10-18 17:24:05.390 module.java Modules.Videos 107  - Wait for 5 seconds.
10-18 17:24:06.697 module.java Modules.Videos 1223 - Try get packagename of this view :com.ccx.zhengxin
10-18 17:24:06.699 module.java Modules.Videos 93   - The package name is correct. this apk is running correctly.
10-18 17:24:07.971 module.java Modules.Videos 139  - Try to click the button 'second_page' 
10-18 17:24:08.972 module.java Modules.Videos 107  - Wait for 1 seconds.
10-18 17:24:10.322 module.java Modules.Videos 139  - Try to click the button 'creditcard' 
10-18 17:24:11.893 module.java Modules.Videos 139  - Try to click the button 'creditcard_banner' 
10-18 17:24:14.895 module.java Modules.Videos 107  - Wait for 3 seconds.
10-18 17:24:14.937 module.java Modules.Videos 1167 - Try to check if the button 'banner_name' is exist, and result is false.
10-18 17:24:15.483 module.java Modules.Videos 1167 - Try to check if the button 'banner_name1' is exist, and result is false.
10-18 17:24:15.484 base_phone.java Phone.Phone_Vivo 166  - 打开信用卡banner页失败
10-18 17:24:15.484 base_testcase.java testcases.case06_creditcardbanner 75   - This is run error.
10-18 17:24:15.485 base_testcase.java testcases.case06_creditcardbanner 233  - Screenshot-->./Phone_Vivo/0/case06_creditcardbanner_0.png
10-18 17:24:15.790 UiDevice.java uiautomatorrpc.UiDevice 321  - @@@@@@@ result is : /data/local/tmp/Screenshot.png
10-18 17:24:15.884 UiDevice.java uiautomatorrpc.UiDevice 325  - @@@@@@@@ adb command is : adb  -s emulator-5554 pull /data/local/tmp/Screenshot.png "./log/Phone_Vivo/0/\case06_creditcardbanner_0.png"
10-18 17:24:17.102 module.java Phone.Phone_Vivo 107  - Wait for 1 seconds.
10-18 17:24:17.103 base_testcase.java testcases.case06_creditcardbanner 239  - Screenshot saved.
10-18 17:24:17.114 module.java Phone.Phone_Vivo 1247 - Try to press back(use keycode).
10-18 17:24:18.115 module.java Phone.Phone_Vivo 107  - Wait for 1 seconds.
10-18 17:24:18.126 module.java Phone.Phone_Vivo 1247 - Try to press back(use keycode).
10-18 17:24:19.128 module.java Phone.Phone_Vivo 107  - Wait for 1 seconds.
10-18 17:24:19.299 module.java Phone.Phone_Vivo 1247 - Try to press back(use keycode).
10-18 17:24:20.300 module.java Phone.Phone_Vivo 107  - Wait for 1 seconds.
10-18 17:24:20.325 module.java Phone.Phone_Vivo 1247 - Try to press back(use keycode).
10-18 17:24:21.327 module.java Phone.Phone_Vivo 107  - Wait for 1 seconds.
10-18 17:24:21.353 module.java Phone.Phone_Vivo 1234 - Try to press home(use keycode).
10-18 17:24:21.354 base_testcase.java testcases.case06_creditcardbanner 77   - null
java.lang.Exception
	at Phone.base_phone.creditcardbanner_test(base_phone.java:167) ~[bin/:?]
	at testcases.case06_creditcardbanner.during_run(case06_creditcardbanner.java:22) ~[bin/:?]
	at testcases.base_testcase.run(base_testcase.java:70) [bin/:?]
	at testcases.base_testcase.process(base_testcase.java:51) [bin/:?]
	at sun.reflect.NativeMethodAccessorImpl.invoke0(Native Method) ~[?:1.8.0_101]
	at sun.reflect.NativeMethodAccessorImpl.invoke(NativeMethodAccessorImpl.java:62) ~[?:1.8.0_101]
	at sun.reflect.DelegatingMethodAccessorImpl.invoke(DelegatingMethodAccessorImpl.java:43) ~[?:1.8.0_101]
	at java.lang.reflect.Method.invoke(Method.java:498) ~[?:1.8.0_101]
	at Test.test1.run(test1.java:149) [bin/:?]
	at sun.reflect.NativeMethodAccessorImpl.invoke0(Native Method) ~[?:1.8.0_101]
	at sun.reflect.NativeMethodAccessorImpl.invoke(NativeMethodAccessorImpl.java:62) ~[?:1.8.0_101]
	at sun.reflect.DelegatingMethodAccessorImpl.invoke(DelegatingMethodAccessorImpl.java:43) ~[?:1.8.0_101]
	at java.lang.reflect.Method.invoke(Method.java:498) ~[?:1.8.0_101]
	at org.junit.runners.model.FrameworkMethod$1.runReflectiveCall(FrameworkMethod.java:50) [junit.jar:4.12]
	at org.junit.internal.runners.model.ReflectiveCallable.run(ReflectiveCallable.java:12) [junit.jar:4.12]
	at org.junit.runners.model.FrameworkMethod.invokeExplosively(FrameworkMethod.java:47) [junit.jar:4.12]
	at org.junit.internal.runners.statements.InvokeMethod.evaluate(InvokeMethod.java:17) [junit.jar:4.12]
	at org.junit.internal.runners.statements.RunBefores.evaluate(RunBefores.java:26) [junit.jar:4.12]
	at org.junit.internal.runners.statements.RunAfters.evaluate(RunAfters.java:27) [junit.jar:4.12]
	at org.junit.runners.ParentRunner.runLeaf(ParentRunner.java:325) [junit.jar:4.12]
	at org.junit.runners.BlockJUnit4ClassRunner.runChild(BlockJUnit4ClassRunner.java:78) [junit.jar:4.12]
	at org.junit.runners.BlockJUnit4ClassRunner.runChild(BlockJUnit4ClassRunner.java:57) [junit.jar:4.12]
	at org.junit.runners.ParentRunner$3.run(ParentRunner.java:290) [junit.jar:4.12]
	at org.junit.runners.ParentRunner$1.schedule(ParentRunner.java:71) [junit.jar:4.12]
	at org.junit.runners.ParentRunner.runChildren(ParentRunner.java:288) [junit.jar:4.12]
	at org.junit.runners.ParentRunner.access$000(ParentRunner.java:58) [junit.jar:4.12]
	at org.junit.runners.ParentRunner$2.evaluate(ParentRunner.java:268) [junit.jar:4.12]
	at org.junit.runners.ParentRunner.run(ParentRunner.java:363) [junit.jar:4.12]
	at org.eclipse.jdt.internal.junit4.runner.JUnit4TestReference.run(JUnit4TestReference.java:86) [.cp/:?]
	at org.eclipse.jdt.internal.junit.runner.TestExecution.run(TestExecution.java:38) [.cp/:?]
	at org.eclipse.jdt.internal.junit.runner.RemoteTestRunner.runTests(RemoteTestRunner.java:459) [.cp/:?]
	at org.eclipse.jdt.internal.junit.runner.RemoteTestRunner.runTests(RemoteTestRunner.java:678) [.cp/:?]
	at org.eclipse.jdt.internal.junit.runner.RemoteTestRunner.run(RemoteTestRunner.java:382) [.cp/:?]
	at org.eclipse.jdt.internal.junit.runner.RemoteTestRunner.main(RemoteTestRunner.java:192) [.cp/:?]
10-18 17:24:21.372 base_testcase.java testcases.case06_creditcardbanner 169  - case06_creditcardbanner : file './log/Phone_Vivo/xml/case06_creditcardbanner_cycle_0.xml' is not exist, create it.
10-18 17:24:21.401 base_testcase.java testcases.case06_creditcardbanner 145  - Let phone back to home view.
