09-01 17:06:07.524 base_testcase.java testcases.case01_download 123  - Enter Testcase : case01_download
09-01 17:06:07.622 module.java Phone.Phone_Vivo 1321 - Try to Wake up the phone.
09-01 17:06:08.631 module.java Phone.Phone_Vivo 129  - Wait for 1 seconds.
09-01 17:06:08.955 module.java Phone.Phone_Vivo 1341 - Try to swipe.
09-01 17:06:09.963 module.java Phone.Phone_Vivo 129  - Wait for 1 seconds.
09-01 17:06:09.964 base_testcase.java testcases.case01_download 127  - The Phone is Phone_Vivo
09-01 17:06:09.965 case01_download.java testcases.case01_download 21   - Now is running function '版本升级_test'
09-01 17:06:09.965 base_phone.java Phone.Phone_Vivo 45   - ******** 版本升级测试 ********
09-01 17:06:09.966 module.java Modules.Videos 59   - apk name is '万象信用'
09-01 17:06:10.086 module.java Modules.Videos 63   - find is false
09-01 17:06:10.670 module.java Modules.Videos 80   - open-apk : 0
09-01 17:06:11.250 module.java Modules.Videos 80   - open-apk : 1
09-01 17:06:11.760 module.java Modules.Videos 80   - open-apk : 2
09-01 17:06:12.290 module.java Modules.Videos 80   - open-apk : 3
09-01 17:06:12.781 module.java Modules.Videos 80   - open-apk : 4
09-01 17:06:13.360 module.java Modules.Videos 80   - open-apk : 5
09-01 17:06:13.990 module.java Modules.Videos 80   - open-apk : 6
09-01 17:06:14.550 module.java Modules.Videos 80   - open-apk : 7
09-01 17:06:15.140 module.java Modules.Videos 80   - open-apk : 8
09-01 17:06:15.710 module.java Modules.Videos 80   - open-apk : 9
09-01 17:06:16.281 module.java Modules.Videos 80   - open-apk : 10
09-01 17:06:16.872 module.java Modules.Videos 80   - open-apk : 11
09-01 17:06:17.410 module.java Modules.Videos 80   - open-apk : 12
09-01 17:06:17.950 module.java Modules.Videos 80   - open-apk : 13
09-01 17:06:18.540 module.java Modules.Videos 80   - open-apk : 14
09-01 17:06:19.971 module.java Modules.Videos 93   - open-apk : 0
09-01 17:06:21.350 module.java Modules.Videos 93   - open-apk : 1
09-01 17:06:22.720 module.java Modules.Videos 93   - open-apk : 2
09-01 17:06:23.331 module.java Modules.Videos 93   - open-apk : 3
09-01 17:06:24.230 module.java Modules.Videos 93   - open-apk : 4
09-01 17:06:25.706 module.java Modules.Videos 93   - open-apk : 5
09-01 17:06:27.131 module.java Modules.Videos 93   - open-apk : 6
09-01 17:06:28.530 module.java Modules.Videos 93   - open-apk : 7
09-01 17:06:30.000 module.java Modules.Videos 93   - open-apk : 8
09-01 17:06:31.430 module.java Modules.Videos 93   - open-apk : 9
09-01 17:06:32.880 module.java Modules.Videos 93   - open-apk : 10
09-01 17:06:34.320 module.java Modules.Videos 93   - open-apk : 11
09-01 17:06:34.971 module.java Modules.Videos 93   - open-apk : 12
09-01 17:06:35.810 module.java Modules.Videos 93   - open-apk : 13
